This is e-TeXk, Version 3.141592-2.1 (Web2C 7.5.2) (format=latex 2004.7.28)  19 AUG 2004 16:31
entering extended mode
 %&-line parsing enabled.
 (/usr/local/teTeX/share/texmf.tetex/web2c/cp8bit.tcx)
**xcolor.dtx
(./xcolor.dtx
LaTeX2e <2001/06/01>
Babel <v3.7h> and hyphenation patterns for american, french, german, ngerman, n
ohyphenation, loaded.

LaTeX Warning: File `xcolor.ins' already exists on the system.
               Not generating it from this source.

File: xcolor.dtx 2004/07/04 v2.00 `xcolor' source and documentation (UK)
(/usr/local/teTeX/share/texmf.tetex/tex/latex/base/ltxdoc.cls
Document Class: ltxdoc 1999/08/08 v2.0u Standard LaTeX documentation class
*************************************
* Local config file ltxdoc.cfg used
*************************************
(/usr/local/teTeX/share/texmf.tetex/tex/latex/config/ltxdoc.cfg
File: ltxdoc.cfg 2001/06/05 v1.0 teTeX: LaTeX documentation setup
)
(/usr/local/teTeX/share/texmf.tetex/tex/latex/base/article.cls
Document Class: article 2001/04/21 v1.4e Standard LaTeX document class
(/usr/local/teTeX/share/texmf.tetex/tex/latex/base/size10.clo
File: size10.clo 2001/04/21 v1.4e Standard LaTeX file (size option)
)
\c@part=\count79
\c@section=\count80
\c@subsection=\count81
\c@subsubsection=\count82
\c@paragraph=\count83
\c@subparagraph=\count84
\c@figure=\count85
\c@table=\count86
\abovecaptionskip=\skip41
\belowcaptionskip=\skip42
\bibindent=\dimen102
)
(/usr/local/teTeX/share/texmf.tetex/tex/latex/base/doc.sty
Package: doc 2001/05/16 v2.0n Standard LaTeX documentation package (FMi)
\c@StandardModuleDepth=\count87
\guard@level=\count88
\MacrocodeTopsep=\skip43
\MacroIndent=\dimen103
\macro@cnt=\count89
\MacroTopsep=\skip44
\index@excludelist=\toks14

(/usr/local/teTeX/share/texmf.tetex/tex/latex/tools/multicol.sty
Package: multicol 2000/07/10 v1.5z multicolumn formatting (FMi)
\c@tracingmulticols=\count90
\mult@box=\box26
\multicol@leftmargin=\dimen104
\c@unbalance=\count91
\c@collectmore=\count92
\doublecol@number=\count93
\multicoltolerance=\count94
\multicolpretolerance=\count95
\full@width=\dimen105
\page@free=\dimen106
\premulticols=\dimen107
\postmulticols=\dimen108
\multicolsep=\skip45
\multicolbaselineskip=\skip46
\partial@page=\box27
\last@line=\box28
\mult@rightbox=\box29
\mult@grightbox=\box30
\mult@gfirstbox=\box31
\mult@firstbox=\box32
\@tempa=\box33
\@tempa=\box34
\@tempa=\box35
\@tempa=\box36
\@tempa=\box37
\@tempa=\box38
\@tempa=\box39
\@tempa=\box40
\@tempa=\box41
\@tempa=\box42
\@tempa=\box43
\@tempa=\box44
\@tempa=\box45
\@tempa=\box46
\@tempa=\box47
\@tempa=\box48
\@tempa=\box49
\c@columnbadness=\count96
\c@finalcolumnbadness=\count97
\last@try=\dimen109
\multicolovershoot=\dimen110
\multicolundershoot=\dimen111
\mult@nat@firstbox=\box50
\colbreak@box=\box51
)
\IndexMin=\dimen112
\c@IndexColumns=\count98
\GlossaryMin=\dimen113
\c@GlossaryColumns=\count99
\check@sum=\count100
\bslash@cnt=\count101
\wrong@table=\toks15
\c@CodelineNo=\count102
))
(./xcolor.sty
Package: xcolor 2004/07/04 v2.00 LaTeX color extensions (UK)
 (/usr/local/teTeX/share/texmf.tetex/tex/latex/config/color.cfg
File: color.cfg 2001/08/31 v1.1 color configuration of teTeX/TeXLive
)
Package xcolor Info: Driver file: dvips.def on input line 136.

(/usr/local/teTeX/share/texmf.tetex/tex/latex/graphics/dvips.def
File: dvips.def 1999/02/16 v3.0i Driver-dependant file (DPC,SPQR)
)
(/usr/local/teTeX/share/texmf.tetex/tex/latex/carlisle/colortbl.sty
Package: colortbl 1999/03/24 v0.1i Color table columns (DPC)

(/usr/local/teTeX/share/texmf.tetex/tex/latex/tools/array.sty
Package: array 1998/05/13 v2.3m Tabular extension package (FMi)
\col@sep=\dimen114
\extrarowheight=\dimen115
\NC@list=\toks16
\extratabsurround=\skip47
\backup@length=\skip48
)
\everycr=\toks17
\minrowclearance=\skip49
)
Package xcolor Info: Color model `cmy' added on input line 972.
Package xcolor Info: Color model `HTML' added on input line 1000.
Package xcolor Info: Color model `HSB' added on input line 1006.
Package xcolor Info: Color model `Gray' added on input line 1012.

(/usr/local/teTeX/share/texmf.tetex/tex/latex/graphics/dvipsnam.def
File: dvipsnam.def 1999/02/16 v3.0i Driver-dependant file (DPC,SPQR)
))
(./chngpage.sty
Package: chngpage 2003/08/10 v1.2 change page layout
\c@cp@cnt=\count103
\c@cp@tempcnt=\count104
)
(/usr/local/teTeX/share/texmf.tetex/tex/latex/tools/varioref.sty
Package: varioref 2001/09/04 v1.3c package for extended references (FMi)
\c@vrcnt=\count105
)
(/usr/local/teTeX/share/texmf.tetex/tex/latex/tools/tabularx.sty
Package: tabularx 1999/01/07 v2.07 `tabularx' package (DPC)
\TX@col@width=\dimen116
\TX@old@table=\dimen117
\TX@old@col=\dimen118
\TX@target=\dimen119
\TX@delta=\dimen120
\TX@cols=\count106
\TX@ftn=\toks18
)
(/usr/local/teTeX/share/texmf.tetex/tex/latex/amsmath/amsmath.sty
Package: amsmath 2000/07/18 v2.13 AMS math features
\@mathmargin=\skip50

For additional information on amsmath, use the `?' option.
(/usr/local/teTeX/share/texmf.tetex/tex/latex/amsmath/amstext.sty
Package: amstext 2000/06/29 v2.01

(/usr/local/teTeX/share/texmf.tetex/tex/latex/amsmath/amsgen.sty
File: amsgen.sty 1999/11/30 v2.0
\@emptytoks=\toks19
\ex@=\dimen121
))
(/usr/local/teTeX/share/texmf.tetex/tex/latex/amsmath/amsbsy.sty
Package: amsbsy 1999/11/29 v1.2d
\pmbraise@=\dimen122
)
(/usr/local/teTeX/share/texmf.tetex/tex/latex/amsmath/amsopn.sty
Package: amsopn 1999/12/14 v2.01 operator names
)
\inf@bad=\count107
LaTeX Info: Redefining \frac on input line 211.
\uproot@=\count108
\leftroot@=\count109
LaTeX Info: Redefining \overline on input line 307.
\classnum@=\count110
\DOTSCASE@=\count111
LaTeX Info: Redefining \ldots on input line 379.
LaTeX Info: Redefining \dots on input line 382.
LaTeX Info: Redefining \cdots on input line 467.
\Mathstrutbox@=\box52
\strutbox@=\box53
\big@size=\dimen123
LaTeX Font Info:    Redeclaring font encoding OML on input line 567.
LaTeX Font Info:    Redeclaring font encoding OMS on input line 568.
\macc@depth=\count112
\c@MaxMatrixCols=\count113
\dotsspace@=\muskip10
\c@parentequation=\count114
\dspbrk@lvl=\count115
\tag@help=\toks20
\row@=\count116
\column@=\count117
\maxfields@=\count118
\andhelp@=\toks21
\eqnshift@=\dimen124
\alignsep@=\dimen125
\tagshift@=\dimen126
\tagwidth@=\dimen127
\totwidth@=\dimen128
\lineht@=\dimen129
\@envbody=\toks22
\multlinegap=\skip51
\multlinetaggap=\skip52
\mathdisplay@stack=\toks23
LaTeX Info: Redefining \[ on input line 2666.
LaTeX Info: Redefining \] on input line 2667.
)
(/usr/local/teTeX/share/texmf.tetex/tex/latex/amscls/amsthm.sty
Package: amsthm 2000/10/26 v2.08
\thm@style=\toks24
\thm@bodyfont=\toks25
\thm@headfont=\toks26
\thm@notefont=\toks27
\thm@headpunct=\toks28
\thm@preskip=\skip53
\thm@postskip=\skip54
\thm@headsep=\skip55
\dth@everypar=\toks29
)
(/usr/local/teTeX/share/texmf.tetex/tex/latex/hyperref/hyperref.sty
Package: hyperref 2003/01/22 v6.73n Hypertext links for LaTeX

(/usr/local/teTeX/share/texmf.tetex/tex/latex/graphics/keyval.sty
Package: keyval 1999/03/16 v1.13 key=value parser (DPC)
\KV@toks@=\toks30
)
\@linkdim=\dimen130
\Hy@linkcounter=\count119
\Hy@pagecounter=\count120

(/usr/local/teTeX/share/texmf.tetex/tex/latex/hyperref/pd1enc.def
File: pd1enc.def 2003/01/22 v6.73n Hyperref: PDFDocEncoding definition (HO)
)
(/usr/local/teTeX/share/texmf.tetex/tex/latex/config/hyperref.cfg
File: hyperref.cfg 2002/06/06 v1.2 hyperref configuration of TeXLive and teTeX
)
Package hyperref Info: Option `hyperindex' set `false' on input line 1744.
Package hyperref Info: Option `bookmarks' set `true' on input line 1744.
Package hyperref Info: Option `bookmarksopen' set `true' on input line 1744.
Package hyperref Info: Hyper figures OFF on input line 1792.
Package hyperref Info: Link nesting OFF on input line 1797.
Package hyperref Info: Hyper index OFF on input line 1802.
Package hyperref Info: Plain pages ON on input line 1805.
Package hyperref Info: Backreferencing OFF on input line 1812.

Implicit mode ON; LaTeX internals redefined
Package hyperref Info: Bookmarks ON on input line 1916.
(/usr/local/teTeX/share/texmf.tetex/tex/latex/misc/url.sty
\Urlmuskip=\muskip11
Package: url 1999/03/28  ver 1.5x  Verb mode for urls, etc.
)
LaTeX Info: Redefining \url on input line 2055.
\Fld@menulength=\count121
\Field@Width=\dimen131
\Fld@charsize=\dimen132
\Choice@toks=\toks31
\Field@toks=\toks32
Package hyperref Info: Hyper figures OFF on input line 2513.
Package hyperref Info: Link nesting OFF on input line 2518.
Package hyperref Info: Hyper index OFF on input line 2523.
Package hyperref Info: backreferencing OFF on input line 2528.
Package hyperref Info: Link coloring OFF on input line 2533.
\c@Item=\count122
)
*hyperref using driver hdvips*
(/usr/local/teTeX/share/texmf.tetex/tex/latex/hyperref/hdvips.def
File: hdvips.def 2003/01/22 v6.73n Hyperref driver for dvips

(/usr/local/teTeX/share/texmf.tetex/tex/latex/hyperref/pdfmark.def
File: pdfmark.def 2003/01/22 v6.73n Hyperref definitions for pdfmark specials
\pdf@docset=\toks33
\pdf@box=\box54
\pdf@toks=\toks34
\pdf@defaulttoks=\toks35
\Fld@listcount=\count123
\@outlinefile=\write3
))
\@glossaryfile=\write4
\openout4 = `xcolor.glo'.


Writing glossary file xcolor.glo 
\@indexfile=\write5
\openout5 = `xcolor.idx'.

Writing index file xcolor.idx
(./xcolor.aux)
\openout1 = `xcolor.aux'.

LaTeX Font Info:    Checking defaults for OML/cmm/m/it on input line 122.
LaTeX Font Info:    ... okay on input line 122.
LaTeX Font Info:    Checking defaults for T1/cmr/m/n on input line 122.
LaTeX Font Info:    ... okay on input line 122.
LaTeX Font Info:    Checking defaults for OT1/cmr/m/n on input line 122.
LaTeX Font Info:    ... okay on input line 122.
LaTeX Font Info:    Checking defaults for OMS/cmsy/m/n on input line 122.
LaTeX Font Info:    ... okay on input line 122.
LaTeX Font Info:    Checking defaults for OMX/cmex/m/n on input line 122.
LaTeX Font Info:    ... okay on input line 122.
LaTeX Font Info:    Checking defaults for U/cmr/m/n on input line 122.
LaTeX Font Info:    ... okay on input line 122.
LaTeX Font Info:    Checking defaults for PD1/pdf/m/n on input line 122.
LaTeX Font Info:    ... okay on input line 122.
Package doc Info: Made | a short reference for \verb on input line 122.
\rownum=\count124
Package hyperref Info: Link coloring OFF on input line 122.

(/usr/local/teTeX/share/texmf.tetex/tex/latex/hyperref/nameref.sty
Package: nameref 2001/01/27 v2.19 Cross-referencing by name of section
\c@section@level=\count125
)
LaTeX Info: Redefining \ref on input line 122.
LaTeX Info: Redefining \pageref on input line 122.

(./xcolor.out) (./xcolor.out)
\openout3 = `xcolor.out'.

 (./xcolor.dtx
***************************
* Character table correct *
***************************
\c@lemma=\count126
\XCdim=\dimen133
(./xcolor.toc [1

])
\tf@toc=\write6
\openout6 = `xcolor.toc'.

 (./xcolor.lot [2])
\tf@lot=\write7
\openout7 = `xcolor.lot'.

 (./xcolor.lof)
\tf@lof=\write8
\openout8 = `xcolor.lof'.

 [3]
LaTeX Font Info:    Try loading font information for OMS+cmr on input line 272.


(/usr/local/teTeX/share/texmf.tetex/tex/latex/base/omscmr.fd
File: omscmr.fd 1999/05/25 v2.5h Standard LaTeX font definitions
)
LaTeX Font Info:    Font shape `OMS/cmr/m/n' in size <10> not available
(Font)              Font shape `OMS/cmsy/m/n' tried instead on input line 272.
 [4] [5]

LaTeX Warning: Marginpar on page 6 moved.


LaTeX Warning: Marginpar on page 6 moved.


LaTeX Warning: Marginpar on page 6 moved.

[6] [7] [8]

LaTeX Warning: \verb may be unreliable inside tabularx on input line 574.


LaTeX Warning: Marginpar on page 9 moved.


LaTeX Warning: Marginpar on page 9 moved.


LaTeX Warning: Marginpar on page 9 moved.


LaTeX Warning: Marginpar on page 9 moved.


LaTeX Warning: Marginpar on page 9 moved.


LaTeX Warning: Marginpar on page 9 moved.


LaTeX Warning: Marginpar on page 9 moved.


LaTeX Warning: Marginpar on page 9 moved.


LaTeX Warning: Marginpar on page 9 moved.

[9] [10]

LaTeX Warning: Marginpar on page 11 moved.


LaTeX Warning: Marginpar on page 11 moved.


LaTeX Warning: Marginpar on page 11 moved.

[11] [12] [13] (./svgnam.def
File: svgnam.def 2004/07/04 v2.00 Predefined color names according to SVG 1.1 (
UK)
)
Overfull \hbox (28.45276pt too wide) in paragraph at lines 871--894
 []$ 
 []

[14] [15] [16] [17]
LaTeX Font Info:    Font shape `OMS/cmtt/m/n' in size <9> not available
(Font)              Font shape `OMS/cmsy/m/n' tried instead on input line 1025.

 [18] [19] [20] [21] [22] [23] [24] [25]

LaTeX Warning: Marginpar on page 26 moved.

[26] [27] [28]
Overfull \hbox (1.85909pt too wide) in paragraph at lines 1549--1551
[]\OT1/cmss/m/n/10 color[]\OT1/cmr/m/n/10 's []\OT1/cmtt/m/n/10 \DefineNamedCol
or{named}{foo}{...}{...} \OT1/cmr/m/n/10 gen-er-ates []\OT1/cmtt/m/n/10 \col@fo
o[] \OT1/cmr/m/n/10 which
 []

[29] [30] [31] [32] [33] [34] [35] [36] [37] [38] [39] [40] [41] [42] [43]
[44])
No file xcolor.gls.
No file xcolor.ind.
[45] (./xcolor.aux)

 *File List*
  ltxdoc.cls    1999/08/08 v2.0u Standard LaTeX documentation class
  ltxdoc.cfg    2001/06/05 v1.0 teTeX: LaTeX documentation setup
 article.cls    2001/04/21 v1.4e Standard LaTeX document class
  size10.clo    2001/04/21 v1.4e Standard LaTeX file (size option)
     doc.sty    2001/05/16 v2.0n Standard LaTeX documentation package (FMi)
multicol.sty    2000/07/10 v1.5z multicolumn formatting (FMi)
  xcolor.sty    2004/07/04 v2.00 LaTeX color extensions (UK)
   color.cfg    2001/08/31 v1.1 color configuration of teTeX/TeXLive
   dvips.def    1999/02/16 v3.0i Driver-dependant file (DPC,SPQR)
colortbl.sty    1999/03/24 v0.1i Color table columns (DPC)
   array.sty    1998/05/13 v2.3m Tabular extension package (FMi)
dvipsnam.def    1999/02/16 v3.0i Driver-dependant file (DPC,SPQR)
chngpage.sty    2003/08/10 v1.2 change page layout
varioref.sty    2001/09/04 v1.3c package for extended references (FMi)
tabularx.sty    1999/01/07 v2.07 `tabularx' package (DPC)
 amsmath.sty    2000/07/18 v2.13 AMS math features
 amstext.sty    2000/06/29 v2.01
  amsgen.sty    1999/11/30 v2.0
  amsbsy.sty    1999/11/29 v1.2d
  amsopn.sty    1999/12/14 v2.01 operator names
  amsthm.sty    2000/10/26 v2.08
hyperref.sty    2003/01/22 v6.73n Hypertext links for LaTeX
  keyval.sty    1999/03/16 v1.13 key=value parser (DPC)
  pd1enc.def    2003/01/22 v6.73n Hyperref: PDFDocEncoding definition (HO)
hyperref.cfg    2002/06/06 v1.2 hyperref configuration of TeXLive and teTeX
     url.sty    1999/03/28  ver 1.5x  Verb mode for urls, etc.
  hdvips.def    2003/01/22 v6.73n Hyperref driver for dvips
 pdfmark.def    2003/01/22 v6.73n Hyperref definitions for pdfmark specials
 nameref.sty    2001/01/27 v2.19 Cross-referencing by name of section
  xcolor.out
  xcolor.out
  xcolor.dtx    2004/07/04 v2.00 `xcolor' source and documentation (UK)
  omscmr.fd    1999/05/25 v2.5h Standard LaTeX font definitions
  svgnam.def    2004/07/04 v2.00 Predefined color names according to SVG 1.1 (U
K)
 ***********

 ) 
Here is how much of TeX's memory you used:
 4644 strings out of 95731
 66217 string characters out of 1193318
 279357 words of memory out of 1640851
 7580 multiletter control sequences out of 10000+50000
 18751 words of font info for 67 fonts, out of 1000000 for 2000
 14 hyphenation exceptions out of 1000
 37i,21n,51p,600b,606s stack positions out of 5000i,500n,6000p,200000b,40000s

Output written on xcolor.dvi (45 pages, 558848 bytes).
