This is pdfTeX, Version 3.1415926-1.40.10 (TeX Live 2009) (format=latex 2009.11.7)  27 OCT 2010 16:22
entering extended mode
 %&-line parsing enabled.
**floatflt.ins
(./floatflt.ins
LaTeX2e <2009/09/24>
Babel <v3.8l> and hyphenation patterns for english, usenglishmax, dumylang, noh
yphenation, german-x-2009-06-19, ngerman-x-2009-06-19, ancientgreek, ibycus, ar
abic, basque, bulgarian, catalan, pinyin, coptic, croatian, czech, danish, dutc
h, esperanto, estonian, farsi, finnish, french, galician, german, ngerman, mono
greek, greek, hungarian, icelandic, indonesian, interlingua, irish, italian, ku
rmanji, latin, latvian, lithuanian, mongolian, mongolian2a, bokmal, nynorsk, po
lish, portuguese, romanian, russian, sanskrit, serbian, slovak, slovenian, span
ish, swedish, turkish, ukenglish, ukrainian, uppersorbian, welsh, loaded.
(/usr/local/texlive/2009/texmf-dist/tex/latex/base/docstrip.tex
\blockLevel=\count79
\emptyLines=\count80
\processedLines=\count81
\commentsRemoved=\count82
\commentsPassed=\count83
\codeLinesPassed=\count84
\TotalprocessedLines=\count85
\TotalcommentsRemoved=\count86
\TotalcommentsPassed=\count87
\TotalcodeLinesPassed=\count88
\NumberOfFiles=\count89
\inFile=\read1
\inputcheck=\read2
\off@0=\count90
\off@1=\count91
\off@2=\count92
\off@3=\count93
\off@4=\count94
\off@5=\count95
\off@6=\count96
\off@7=\count97
\off@8=\count98
\off@9=\count99
\off@10=\count100
\off@11=\count101
\off@12=\count102
\off@13=\count103
\off@14=\count104
\off@15=\count105
\@maxfiles=\count106
\@maxoutfiles=\count107

Utility: `docstrip' 2.5d <2005/07/29>
English documentation    <1999/03/31>

**********************************************************
* This program converts documented macro-files into fast *
* loadable files by stripping off (nearly) all comments! *
**********************************************************

********************************************************
* No Configuration file found, using default settings. *
********************************************************

(./floatflt.ins

Generating file(s) ./floatflt.sty ./floatexm.tex ./floatfge.tex 
\openout0 = `./floatflt.sty'.

\openout1 = `./floatexm.tex'.

\openout2 = `./floatfge.tex'.


Processing file floatflt.dtx (paketkod) -> floatflt.sty
                             (exempelkod) -> floatexm.tex
                             (gammalkod) -> floatfge.tex
File floatflt.dtx ended by \endinput.
Lines  processed: 1393
Comments removed: 389
Comments  passed: 0
Codelines passed: 994

**************************************************************
 
 To finish the installation you have to move the file
 `floatflt.sty' into a directory searched by TeX.
 
 To type-set the documentation, run the file `floatflt.dtx'
 twice through LaTeX. The original `floatfig' documentation
 can be type-set by running the file `floatfge.tex' through 
 LaTeX. To get an example file, run the file `floatexm.tex'
 through LaTeX.
 
*************************************************************
) ) ) 
Here is how much of TeX's memory you used:
 334 strings out of 493849
 3431 string characters out of 3149230
 53231 words of memory out of 3000000
 3700 multiletter control sequences out of 15000+200000
 3640 words of font info for 14 fonts, out of 3000000 for 9000
 714 hyphenation exceptions out of 8191
 15i,0n,15p,142b,141s stack positions out of 5000i,500n,10000p,200000b,50000s

No pages of output.
