This is pdfeTeX, Version 3.141592-1.30.4-2.2 (Web2C 7.5.5) (format=latex 2006.2.12)  28 SEP 2007 16:10
entering extended mode
**datetime.ins
(./datetime.ins
LaTeX2e <2003/12/01>
Babel <v3.8d> and hyphenation patterns for american, french, german, ngerman, d
utch, italian, norsk, portuges, spanish, swedish, nohyphenation, loaded.
(/usr/local/teTeX/share/texmf.tetex/tex/latex/base/docstrip.tex
\blockLevel=\count79
\emptyLines=\count80
\processedLines=\count81
\commentsRemoved=\count82
\commentsPassed=\count83
\codeLinesPassed=\count84
\TotalprocessedLines=\count85
\TotalcommentsRemoved=\count86
\TotalcommentsPassed=\count87
\TotalcodeLinesPassed=\count88
\NumberOfFiles=\count89
\inFile=\read1
\inputcheck=\read2
\off@0=\count90
\off@1=\count91
\off@2=\count92
\off@3=\count93
\off@4=\count94
\off@5=\count95
\off@6=\count96
\off@7=\count97
\off@8=\count98
\off@9=\count99
\off@10=\count100
\off@11=\count101
\off@12=\count102
\off@13=\count103
\off@14=\count104
\off@15=\count105
\@maxfiles=\count106
\@maxoutfiles=\count107

Utility: `docstrip' 2.5c <2003/09/18>
English documentation    <1999/03/31>

**********************************************************
* This program converts documented macro-files into fast *
* loadable files by stripping off (nearly) all comments! *
**********************************************************

********************************************************
* No Configuration file found, using default settings. *
********************************************************

)

Generating file(s) ./datetime.sty ./dt-austrian.def ./dt-bahasa.def ./dt-basque
.def ./dt-breton.def ./dt-british.def ./dt-bulgarian.def ./dt-catalan.def ./dt-
croatian.def ./dt-czech.def ./dt-danish.def ./dt-dutch.def ./dt-esperanto.def .
/dt-estonian.def ./dt-finnish.def ./dt-french.def ./dt-galician.def ./dt-german
.def ./dt-greek.def ./dt-hebrew.def ./dt-icelandic.def ./dt-irish.def ./dt-ital
ian.def ./dt-latin.def ./dt-lsorbian.def ./dt-magyar.def ./dt-naustrian.def ./d
t-ngerman.def ./dt-norsk.def ./dt-polish.def ./dt-portuges.def ./dt-romanian.de
f ./dt-russian.def ./dt-samin.def ./dt-scottish.def ./dt-serbian.def ./dt-slova
k.def ./dt-slovene.def ./dt-spanish.def ./dt-swedish.def ./dt-turkish.def ./dt-
UKenglish.def ./dt-ukraineb.def ./dt-USenglish.def ./dt-usorbian.def ./dt-welsh
.def 
\openout0 = `./datetime.sty'.

\openout1 = `./dt-austrian.def'.

\openout2 = `./dt-bahasa.def'.

\openout3 = `./dt-basque.def'.

\openout4 = `./dt-breton.def'.

\openout5 = `./dt-british.def'.

\openout6 = `./dt-bulgarian.def'.

\openout7 = `./dt-catalan.def'.

\openout8 = `./dt-croatian.def'.

\openout9 = `./dt-czech.def'.

\openout10 = `./dt-danish.def'.

\openout11 = `./dt-dutch.def'.

\openout12 = `./dt-esperanto.def'.

\openout13 = `./dt-estonian.def'.

\openout14 = `./dt-finnish.def'.

\openout15 = `./dt-french.def'.


Processing file datetime.dtx (datetime.sty,package) -> datetime.sty
                             (dt-austrian.def,package) -> dt-austrian.def
                             (dt-bahasa.def,package) -> dt-bahasa.def
                             (dt-basque.def,package) -> dt-basque.def
                             (dt-breton.def,package) -> dt-breton.def
                             (dt-british.def,package) -> dt-british.def
                             (dt-bulgarian.def,package) -> dt-bulgarian.def
                             (dt-catalan.def,package) -> dt-catalan.def
                             (dt-croatian.def,package) -> dt-croatian.def
                             (dt-czech.def,package) -> dt-czech.def
                             (dt-danish.def,package) -> dt-danish.def
                             (dt-dutch.def,package) -> dt-dutch.def
                             (dt-esperanto.def,package) -> dt-esperanto.def
                             (dt-estonian.def,package) -> dt-estonian.def
                             (dt-finnish.def,package) -> dt-finnish.def
                             (dt-french.def,package) -> dt-french.def
% % % % % % % % % % % % <*package > % % % % % % <*driver . . . . . . . . . . .
. . . . > % % % % % % % % % % % % % % % % % % % % % % % % % % % % % % % % % %
% % % % % % % % % % % % % % % % % % % % % % % % % % % % % % % % % % % % % % %
% % % % % % % % % % % % % % % % % % % % % % % % % % % % % % % % % % % % % % %
% % % % % % % % % % % % % % % % % % % % % % % % % % % % % % % % % % % % % % %
% % % % % % % % % % % % % % % % % % % % % % % % % % % % % % % % % % % % % % %
% % % % % % % % % % % % % % % % % % % % % % % % % % % % % % % % % % % % % % %
% % % % % % % % % % % % % % % % % % % % % % % % % % % % % % % % % % % % % % %
% % % % % % % % % % % % % % % % % % % % % % % % % % % % % % % % % % % % % % %
% % % % % % % % % % % % % % % % % % % % % % % % % % % % % % % % % % % % % % %
% % % % % % % % % % % % % % % % % % % % % % % % % % % % % % % % % % % % % % %
% % % % % % % % % % % % % % % % % % % % % % % % % % % % % % % % % % % % % % %
% % % % % % % % % % % % % % % % % % % % % % % % % % % % % % % % % % % % % % %
% % % % % % % % % % % % % % % % % % % % % % % % % % % % % % % % % % % % % % %
% % % % % % % % % % % % % % % % % % % % % % % % % % % % % % % % % % % % % % %
% % % % % % % % % % % % % % % % % % % % % % % % % % % % % % % % % % % % % %
<*datetime.sty % % % % % . . % % % % . % % % % % % % % . . % % % % % % % . % %
% % % % % % % % % % . . . . . % % % % % % % % % % . % % % % % . . % % % % % .
. % % % % % . . % % % % % % % . . . . . . . % % % % % % % . % % % % % % % . %
% % % % % % % . % % % % . . . % % % % % . . . . . % % % % % . . . . . % % % %
% % % % . % % % % % % . . . . . % % % % % . . . . % % % % % . . . . . . % % %
% % % . . . . . % % % % % . . . . . . . % % % % % . . . . % % % % % % . . . .
. % % % % % . . . . % % % % % . . . . . . % % % % % % . . . . . % % % % % % %
. . . . . . % % % % % . . . . % % % % % . . . . % % % % % . . . . % % % % % .
. . . . . % % % % % % . % % % % % % . % % % % % % . . % % % % . . % % % % % .
. . . % % % . . . . . . . . . . . . . . . . . . . . . % % % % . . . . . . . .
. . . . . . . . . . . . . . . . . . . . . . . . . . . . . . . . . . % % % . %
% % . % % % % % . % % % % . . . % % % . . . . . . . . . . . . . . . . . . . .
% % % % % % . . . . . . . . . % % % % . % % % % . % % % % . . . % % % % % . .
. . . . . . . . . . . . . . . . . . . % % % % % % . . . . . . . . . . % % % %
. % % % % % % % . % % % % . % % % % . . . . % % % % % % . . . . . . . . . . .
. . . . . . . . . . % % % % . % % % % % % . . . . . . . . . . . . . . . . . .
. . . . . . . . % % % % % . % % % % % % % . . . . . . . . . . . . . . % % % %
% . . . . . . . . . . % % % % % % % . . . . . . . . . . . . % % % % % . . . .
% % % % % . . % % % % % . . . . . . . . . . % % % % % . . . . . . . . . . . .
. % % % % % . . % % % % . % % % % % % % . . . . % % % % % % % . . . . . . . .
. . . . . . . . . . . . . . . . . . . . . . . . . . . . . . . . . . . . . . .
. . % % % % % % % % % . . . . % % % % % . . . % % % . . . % % % % . . % % % %
% % . . . . . . . % % % % . % % % % % % % . . . . . % % % . . . . . % % % % %
. . . . . . . . . . . . . . . . . . . . . . % % % % % . . % % % % % % % . . .
. . % % % % % % % . . % % % % % . % % % . % % % % . % % % % . . . . . . . . .
. . . % % % . % % % . % % % . % % % % % . % % % % . % % % % . . % % % % . % %
% % . % % % % . . % % % % . % % % % . % % % % . % % % % . % % % % . % % % % .
% % % % % % % % % % . . % % % . . . . . . . % % % . . . . . . . % % % . . . .
. . . . . % % % . . . . . . . . . % % % % . . . % % % % > % % % %
<*dt-austrian.def % % % % % % . % % % . . . . . . . . . . . . . . . . . . . .
. % % % . . . . % % % > % % % % <*dt-bahasa.def % % % % % . % % % . . . . . .
. . . . . . . . . . . . . . . % % % % . . . . . . . . . . . . . . . . . . . .
. % % % . . . . % % % > % % % % <*dt-basque.def % % % % % . % % % . . . . . .
. . . . . . . . . . . . . . % % % % . . . . . . . . . . . . . . . . . . . . .
% % % . . . . % % % > % % % % <*dt-breton.def % % % % % . % % % . . . . . . .
. . . . . . . . . . . . . . % % % % . . . . . . . . . . . . . . . . . . . . .
% % % . . . . . . . % % % > % % % % <*dt-british.def % % % % % . % . . . . . .
. % % > % % % % <*dt-bulgarian.def % % % % % . % % % . . . . . . . . . . . . .
. . . . . . . . % % % % . . . . . . . . . . . . . . . . . . . . . % % % . . .
. % % % > % % % % <*dt-catalan.def % % % % % . % % % . . . . . . . . . . . . .
. . . . . . . . % % % % . . . . . . . . . . . . . . . . . . . . . % % % . . .
. . % % % > % % % % <*dt-croatian.def % % % % % . % % % . . . . . . . . . . .
. . . . . . . . . . % % % % . . . . . . . . . . . . . . . . . . . . . % % % .
. . . % % % > % % % % <*dt-czech.def % % % % % . % % % . . . . . . . . . . . .
. . . . . . . . . % % % % . . . . . . . . . . . . . . . . . . . . . % % % . .
. . % % % > % % % % <*dt-danish.def % % % % % . % % % . . . . . . . . . . . .
. . . . . . . . . % % % . . . . % % % > % % % % <*dt-dutch.def % % % % % . % %
% . . . . . . . . . . . . . . . . . . . . . % % % . . . . % % % > % % % %
<*dt-esperanto.def % % % % % . % % % . . . . . . . . . . . . . . . . . . . . .
% % % . . . . . % % % > % % % % <*dt-estonian.def % % % % % . % % % . . . . .
. . . . . . . . . . . . . . . . % % % . . . . . % % % > % % % %
<*dt-finnish.def % % % % % . % % % . . . . . . . . . . . . . . . . . . . . . %
% % . . . . % % % > % % % % <*dt-french.def % % % % % . % % % . . . . . . . .
. . % % % . . . . . . . . . . % % % . . . . . . . . . . . . . . . . . . . . .
% % % . . . . . % % % > % % % % <*dt-galician.def % % % % % . % % % . . . . .
. . . . . . . . . . . . . . . . % % % . . . . . % % % > % % % %
<*dt-german.def % % % % % . % % % . . . . . . . . . . . . . . . . . . . . . %
% % . . . . . . . . . . . . . . . . . . . . . % % % . . . . % % % > % % % %
<*dt-greek.def % % % % % . % % % . . . . . . . . . . . . . . . . . . . . . % %
% . . . . % % % > % % % % <*dt-hebrew.def % % % % % . % % % % . % % % % . . .
. % % % > % % % % <*dt-icelandic.def % % % % % . % % % . . . . . . . . . . . .
. . . . . . . . . % % % . . . . % % % > % % % % <*dt-irish.def % % % % % . % %
% . . . . . . . . . . . . . . . . . . . . . % % % . . . . % % % > % % % %
<*dt-italian.def % % % % % . % % % . . . . . . . . . . . . . . . . . . . . . %
% % . . . . % % % > % % % % <*dt-latin.def % % % % % . % % % . . . . . . . . .
. . . . . . . . . . . . % % % . . . . . . . % % % > % % % % <*dt-lsorbian.def
% % % % % . % % % . . . . . . . . . . . . . . . . . . . . . % % % . . . . . .
. . . . . . . . . . . . . . . % % % . % % % . . . . % % % . . . . % % % . % %
% > % % % % <*dt-magyar.def % % % % % . % % % . . . . . . . . . . . . . . . .
. . . . . % % % . . . . % % % > % % % % <*dt-naustrian.def % % % % % . % % % .
. . . . . . . . . . . . . . . . . . . . % % % . . . . % % % > % % % %
<*dt-ngerman.def % % % % % . % % % . . . . . . . . . . . . . . . . . . . . . %
% % . . . . . . . . . . . . . . . . . . . . . % % % . . . . % % % > % % % %
<*dt-norsk.def % % % % % . % % % . . . . . . . . . . . . . . . . . . . . . % %
% . . . . % % % > % % % % <*dt-polish.def % % % % % . % % % . . . . . . . . .
. . . . . . . . . . . . % % % . . . . % % % > % % % % <*dt-portuges.def % % %
% % . % % % . . . . . . . . . . % % % . . . . . . . . . . . . . . . . . . . .
. % % % . . . . . % % % > % % % % <*dt-romanian.def % % % % % . % % % . . . .
. . . . . . . . . . . . . . . . . % % % . . . . % % % > % % % %
<*dt-russian.def % % % % % . % % % . . . . . . . . . . . . . . . . . . . . . %
% % . . . . % % % > % % % % <*dt-samin.def % % % % % . % % % . . . . . . . . .
. . . . . . . . . . . . % % % . . . . . % % % > % % % % <*dt-scottish.def % %
% % % . % % % . . . . . . . . . . . . . . . . . . . . . % % % . . . . % % % >
% % % % <*dt-serbian.def % % % % % . % % % . . . . . . . . . . . . . . . . . .
. . . % % % . . . . % % % > % % % % <*dt-slovak.def % % % % % . % % % . . . .
. . . . . . . . . . . . . . . . % % % . . . . % % % > % % % % <*dt-slovene.def
% % % % % . % % % . . . . . . . . . . . . . . . . . . . . % % % . . . . % % %
> % % % % <*dt-spanish.def % % % % % . % % % . . . . . . . . . . % % % . . . .
. . . . . . % % % . . . . . . . . . . . . . . . . . . . . % % % . . . . % % %
> % % % % <*dt-swedish.def % % % % % . % % % . . . . . . . . . . . . . . . . .
. . . % % % % . . . . % % % % . . . . . % % % % . . . . . % % % > % % % %
<*dt-turkish.def % % % % % . % % % . . . . . . . . . . . . . . . . . . . . % %
% . . . . % % % > % % % % <*dt-UKenglish.def % % % % % . % . . . . . . . % % >
% % % % <*dt-ukraineb.def % % % % % . % % % . . . . . . . . . . . . . . . . .
. . . % % % . . . . % % % > % % % % <*dt-USenglish.def % % % % % . % . . . . .
. . % % > % % % % <*dt-usorbian.def % % % % % . % % % . . . . . . . . . . . .
. . . . . . . . % % % . . . . . . . . . . . . . . . . . . . % % % . % % % . .
. . % % % . . . . % % % . % % % > % % % % <*dt-welsh.def % % % % % . % % % . .
. . . . . . . . . . . . . . . . . . % % % . . . . . . % % % % > % % %
File datetime.dtx ended by \endinput.
Lines  processed: 4120
Comments removed: 2023
Comments  passed: 15
Codelines passed: 1986

\openout0 = `./dt-galician.def'.

\openout1 = `./dt-german.def'.

\openout2 = `./dt-greek.def'.

\openout3 = `./dt-hebrew.def'.

\openout4 = `./dt-icelandic.def'.

\openout5 = `./dt-irish.def'.

\openout6 = `./dt-italian.def'.

\openout7 = `./dt-latin.def'.

\openout8 = `./dt-lsorbian.def'.

\openout9 = `./dt-magyar.def'.

\openout10 = `./dt-naustrian.def'.

\openout11 = `./dt-ngerman.def'.

\openout12 = `./dt-norsk.def'.

\openout13 = `./dt-polish.def'.

\openout14 = `./dt-portuges.def'.

\openout15 = `./dt-romanian.def'.


Processing file datetime.dtx (dt-galician.def,package) -> dt-galician.def
                             (dt-german.def,package) -> dt-german.def
                             (dt-greek.def,package) -> dt-greek.def
                             (dt-hebrew.def,package) -> dt-hebrew.def
                             (dt-icelandic.def,package) -> dt-icelandic.def
                             (dt-irish.def,package) -> dt-irish.def
                             (dt-italian.def,package) -> dt-italian.def
                             (dt-latin.def,package) -> dt-latin.def
                             (dt-lsorbian.def,package) -> dt-lsorbian.def
                             (dt-magyar.def,package) -> dt-magyar.def
                             (dt-naustrian.def,package) -> dt-naustrian.def
                             (dt-ngerman.def,package) -> dt-ngerman.def
                             (dt-norsk.def,package) -> dt-norsk.def
                             (dt-polish.def,package) -> dt-polish.def
                             (dt-portuges.def,package) -> dt-portuges.def
                             (dt-romanian.def,package) -> dt-romanian.def
% % % % % % % % % % % % <*package > % % % % % % <*driver . . . . . . . . . . .
. . . . > % % % % % % % % % % % % % % % % % % % % % % % % % % % % % % % % % %
% % % % % % % % % % % % % % % % % % % % % % % % % % % % % % % % % % % % % % %
% % % % % % % % % % % % % % % % % % % % % % % % % % % % % % % % % % % % % % %
% % % % % % % % % % % % % % % % % % % % % % % % % % % % % % % % % % % % % % %
% % % % % % % % % % % % % % % % % % % % % % % % % % % % % % % % % % % % % % %
% % % % % % % % % % % % % % % % % % % % % % % % % % % % % % % % % % % % % % %
% % % % % % % % % % % % % % % % % % % % % % % % % % % % % % % % % % % % % % %
% % % % % % % % % % % % % % % % % % % % % % % % % % % % % % % % % % % % % % %
% % % % % % % % % % % % % % % % % % % % % % % % % % % % % % % % % % % % % % %
% % % % % % % % % % % % % % % % % % % % % % % % % % % % % % % % % % % % % % %
% % % % % % % % % % % % % % % % % % % % % % % % % % % % % % % % % % % % % % %
% % % % % % % % % % % % % % % % % % % % % % % % % % % % % % % % % % % % % % %
% % % % % % % % % % % % % % % % % % % % % % % % % % % % % % % % % % % % % % %
% % % % % % % % % % % % % % % % % % % % % % % % % % % % % % % % % % % % % % %
% % % % % % % % % % % % % % % % % % % % % % % % % % % % % % % % % % % % % %
<*datetime.sty % % % % % . . % % % % . % % % % % % % % . . % % % % % % % . % %
% % % % % % % % % % . . . . . % % % % % % % % % % . % % % % % . . % % % % % .
. % % % % % . . % % % % % % % . . . . . . . % % % % % % % . % % % % % % % . %
% % % % % % % . % % % % . . . % % % % % . . . . . % % % % % . . . . . % % % %
% % % % . % % % % % % . . . . . % % % % % . . . . % % % % % . . . . . . % % %
% % % . . . . . % % % % % . . . . . . . % % % % % . . . . % % % % % % . . . .
. % % % % % . . . . % % % % % . . . . . . % % % % % % . . . . . % % % % % % %
. . . . . . % % % % % . . . . % % % % % . . . . % % % % % . . . . % % % % % .
. . . . . % % % % % % . % % % % % % . % % % % % % . . % % % % . . % % % % % .
. . . % % % . . . . . . . . . . . . . . . . . . . . . % % % % . . . . . . . .
. . . . . . . . . . . . . . . . . . . . . . . . . . . . . . . . . . % % % . %
% % . % % % % % . % % % % . . . % % % . . . . . . . . . . . . . . . . . . . .
% % % % % % . . . . . . . . . % % % % . % % % % . % % % % . . . % % % % % . .
. . . . . . . . . . . . . . . . . . . % % % % % % . . . . . . . . . . % % % %
. % % % % % % % . % % % % . % % % % . . . . % % % % % % . . . . . . . . . . .
. . . . . . . . . . % % % % . % % % % % % . . . . . . . . . . . . . . . . . .
. . . . . . . . % % % % % . % % % % % % % . . . . . . . . . . . . . . % % % %
% . . . . . . . . . . % % % % % % % . . . . . . . . . . . . % % % % % . . . .
% % % % % . . % % % % % . . . . . . . . . . % % % % % . . . . . . . . . . . .
. % % % % % . . % % % % . % % % % % % % . . . . % % % % % % % . . . . . . . .
. . . . . . . . . . . . . . . . . . . . . . . . . . . . . . . . . . . . . . .
. . % % % % % % % % % . . . . % % % % % . . . % % % . . . % % % % . . % % % %
% % . . . . . . . % % % % . % % % % % % % . . . . . % % % . . . . . % % % % %
. . . . . . . . . . . . . . . . . . . . . . % % % % % . . % % % % % % % . . .
. . % % % % % % % . . % % % % % . % % % . % % % % . % % % % . . . . . . . . .
. . . % % % . % % % . % % % . % % % % % . % % % % . % % % % . . % % % % . % %
% % . % % % % . . % % % % . % % % % . % % % % . % % % % . % % % % . % % % % .
% % % % % % % % % % . . % % % . . . . . . . % % % . . . . . . . % % % . . . .
. . . . . % % % . . . . . . . . . % % % % . . . % % % % > % % % %
<*dt-austrian.def % % % % % % . % % % . . . . . . . . . . . . . . . . . . . .
. % % % . . . . % % % > % % % % <*dt-bahasa.def % % % % % . % % % . . . . . .
. . . . . . . . . . . . . . . % % % % . . . . . . . . . . . . . . . . . . . .
. % % % . . . . % % % > % % % % <*dt-basque.def % % % % % . % % % . . . . . .
. . . . . . . . . . . . . . % % % % . . . . . . . . . . . . . . . . . . . . .
% % % . . . . % % % > % % % % <*dt-breton.def % % % % % . % % % . . . . . . .
. . . . . . . . . . . . . . % % % % . . . . . . . . . . . . . . . . . . . . .
% % % . . . . . . . % % % > % % % % <*dt-british.def % % % % % . % . . . . . .
. % % > % % % % <*dt-bulgarian.def % % % % % . % % % . . . . . . . . . . . . .
. . . . . . . . % % % % . . . . . . . . . . . . . . . . . . . . . % % % . . .
. % % % > % % % % <*dt-catalan.def % % % % % . % % % . . . . . . . . . . . . .
. . . . . . . . % % % % . . . . . . . . . . . . . . . . . . . . . % % % . . .
. . % % % > % % % % <*dt-croatian.def % % % % % . % % % . . . . . . . . . . .
. . . . . . . . . . % % % % . . . . . . . . . . . . . . . . . . . . . % % % .
. . . % % % > % % % % <*dt-czech.def % % % % % . % % % . . . . . . . . . . . .
. . . . . . . . . % % % % . . . . . . . . . . . . . . . . . . . . . % % % . .
. . % % % > % % % % <*dt-danish.def % % % % % . % % % . . . . . . . . . . . .
. . . . . . . . . % % % . . . . % % % > % % % % <*dt-dutch.def % % % % % . % %
% . . . . . . . . . . . . . . . . . . . . . % % % . . . . % % % > % % % %
<*dt-esperanto.def % % % % % . % % % . . . . . . . . . . . . . . . . . . . . .
% % % . . . . . % % % > % % % % <*dt-estonian.def % % % % % . % % % . . . . .
. . . . . . . . . . . . . . . . % % % . . . . . % % % > % % % %
<*dt-finnish.def % % % % % . % % % . . . . . . . . . . . . . . . . . . . . . %
% % . . . . % % % > % % % % <*dt-french.def % % % % % . % % % . . . . . . . .
. . % % % . . . . . . . . . . % % % . . . . . . . . . . . . . . . . . . . . .
% % % . . . . . % % % > % % % % <*dt-galician.def % % % % % . % % % . . . . .
. . . . . . . . . . . . . . . . % % % . . . . . % % % > % % % %
<*dt-german.def % % % % % . % % % . . . . . . . . . . . . . . . . . . . . . %
% % . . . . . . . . . . . . . . . . . . . . . % % % . . . . % % % > % % % %
<*dt-greek.def % % % % % . % % % . . . . . . . . . . . . . . . . . . . . . % %
% . . . . % % % > % % % % <*dt-hebrew.def % % % % % . % % % % . % % % % . . .
. % % % > % % % % <*dt-icelandic.def % % % % % . % % % . . . . . . . . . . . .
. . . . . . . . . % % % . . . . % % % > % % % % <*dt-irish.def % % % % % . % %
% . . . . . . . . . . . . . . . . . . . . . % % % . . . . % % % > % % % %
<*dt-italian.def % % % % % . % % % . . . . . . . . . . . . . . . . . . . . . %
% % . . . . % % % > % % % % <*dt-latin.def % % % % % . % % % . . . . . . . . .
. . . . . . . . . . . . % % % . . . . . . . % % % > % % % % <*dt-lsorbian.def
% % % % % . % % % . . . . . . . . . . . . . . . . . . . . . % % % . . . . . .
. . . . . . . . . . . . . . . % % % . % % % . . . . % % % . . . . % % % . % %
% > % % % % <*dt-magyar.def % % % % % . % % % . . . . . . . . . . . . . . . .
. . . . . % % % . . . . % % % > % % % % <*dt-naustrian.def % % % % % . % % % .
. . . . . . . . . . . . . . . . . . . . % % % . . . . % % % > % % % %
<*dt-ngerman.def % % % % % . % % % . . . . . . . . . . . . . . . . . . . . . %
% % . . . . . . . . . . . . . . . . . . . . . % % % . . . . % % % > % % % %
<*dt-norsk.def % % % % % . % % % . . . . . . . . . . . . . . . . . . . . . % %
% . . . . % % % > % % % % <*dt-polish.def % % % % % . % % % . . . . . . . . .
. . . . . . . . . . . . % % % . . . . % % % > % % % % <*dt-portuges.def % % %
% % . % % % . . . . . . . . . . % % % . . . . . . . . . . . . . . . . . . . .
. % % % . . . . . % % % > % % % % <*dt-romanian.def % % % % % . % % % . . . .
. . . . . . . . . . . . . . . . . % % % . . . . % % % > % % % %
<*dt-russian.def % % % % % . % % % . . . . . . . . . . . . . . . . . . . . . %
% % . . . . % % % > % % % % <*dt-samin.def % % % % % . % % % . . . . . . . . .
. . . . . . . . . . . . % % % . . . . . % % % > % % % % <*dt-scottish.def % %
% % % . % % % . . . . . . . . . . . . . . . . . . . . . % % % . . . . % % % >
% % % % <*dt-serbian.def % % % % % . % % % . . . . . . . . . . . . . . . . . .
. . . % % % . . . . % % % > % % % % <*dt-slovak.def % % % % % . % % % . . . .
. . . . . . . . . . . . . . . . % % % . . . . % % % > % % % % <*dt-slovene.def
% % % % % . % % % . . . . . . . . . . . . . . . . . . . . % % % . . . . % % %
> % % % % <*dt-spanish.def % % % % % . % % % . . . . . . . . . . % % % . . . .
. . . . . . % % % . . . . . . . . . . . . . . . . . . . . % % % . . . . % % %
> % % % % <*dt-swedish.def % % % % % . % % % . . . . . . . . . . . . . . . . .
. . . % % % % . . . . % % % % . . . . . % % % % . . . . . % % % > % % % %
<*dt-turkish.def % % % % % . % % % . . . . . . . . . . . . . . . . . . . . % %
% . . . . % % % > % % % % <*dt-UKenglish.def % % % % % . % . . . . . . . % % >
% % % % <*dt-ukraineb.def % % % % % . % % % . . . . . . . . . . . . . . . . .
. . . % % % . . . . % % % > % % % % <*dt-USenglish.def % % % % % . % . . . . .
. . % % > % % % % <*dt-usorbian.def % % % % % . % % % . . . . . . . . . . . .
. . . . . . . . % % % . . . . . . . . . . . . . . . . . . . % % % . % % % . .
. . % % % . . . . % % % . % % % > % % % % <*dt-welsh.def % % % % % . % % % . .
. . . . . . . . . . . . . . . . . . % % % . . . . . . % % % % > % % %
File datetime.dtx ended by \endinput.
Lines  processed: 4120
Comments removed: 2023
Comments  passed: 15
Codelines passed: 1986

\openout0 = `./dt-russian.def'.

\openout1 = `./dt-samin.def'.

\openout2 = `./dt-scottish.def'.

\openout3 = `./dt-serbian.def'.

\openout4 = `./dt-slovak.def'.

\openout5 = `./dt-slovene.def'.

\openout6 = `./dt-spanish.def'.

\openout7 = `./dt-swedish.def'.

\openout8 = `./dt-turkish.def'.

\openout9 = `./dt-UKenglish.def'.

\openout10 = `./dt-ukraineb.def'.

\openout11 = `./dt-USenglish.def'.

\openout12 = `./dt-usorbian.def'.

\openout13 = `./dt-welsh.def'.


Processing file datetime.dtx (dt-russian.def,package) -> dt-russian.def
                             (dt-samin.def,package) -> dt-samin.def
                             (dt-scottish.def,package) -> dt-scottish.def
                             (dt-serbian.def,package) -> dt-serbian.def
                             (dt-slovak.def,package) -> dt-slovak.def
                             (dt-slovene.def,package) -> dt-slovene.def
                             (dt-spanish.def,package) -> dt-spanish.def
                             (dt-swedish.def,package) -> dt-swedish.def
                             (dt-turkish.def,package) -> dt-turkish.def
                             (dt-UKenglish.def,package) -> dt-UKenglish.def
                             (dt-ukraineb.def,package) -> dt-ukraineb.def
                             (dt-USenglish.def,package) -> dt-USenglish.def
                             (dt-usorbian.def,package) -> dt-usorbian.def
                             (dt-welsh.def,package) -> dt-welsh.def
% % % % % % % % % % % % <*package > % % % % % % <*driver . . . . . . . . . . .
. . . . > % % % % % % % % % % % % % % % % % % % % % % % % % % % % % % % % % %
% % % % % % % % % % % % % % % % % % % % % % % % % % % % % % % % % % % % % % %
% % % % % % % % % % % % % % % % % % % % % % % % % % % % % % % % % % % % % % %
% % % % % % % % % % % % % % % % % % % % % % % % % % % % % % % % % % % % % % %
% % % % % % % % % % % % % % % % % % % % % % % % % % % % % % % % % % % % % % %
% % % % % % % % % % % % % % % % % % % % % % % % % % % % % % % % % % % % % % %
% % % % % % % % % % % % % % % % % % % % % % % % % % % % % % % % % % % % % % %
% % % % % % % % % % % % % % % % % % % % % % % % % % % % % % % % % % % % % % %
% % % % % % % % % % % % % % % % % % % % % % % % % % % % % % % % % % % % % % %
% % % % % % % % % % % % % % % % % % % % % % % % % % % % % % % % % % % % % % %
% % % % % % % % % % % % % % % % % % % % % % % % % % % % % % % % % % % % % % %
% % % % % % % % % % % % % % % % % % % % % % % % % % % % % % % % % % % % % % %
% % % % % % % % % % % % % % % % % % % % % % % % % % % % % % % % % % % % % % %
% % % % % % % % % % % % % % % % % % % % % % % % % % % % % % % % % % % % % % %
% % % % % % % % % % % % % % % % % % % % % % % % % % % % % % % % % % % % % %
<*datetime.sty % % % % % . . % % % % . % % % % % % % % . . % % % % % % % . % %
% % % % % % % % % % . . . . . % % % % % % % % % % . % % % % % . . % % % % % .
. % % % % % . . % % % % % % % . . . . . . . % % % % % % % . % % % % % % % . %
% % % % % % % . % % % % . . . % % % % % . . . . . % % % % % . . . . . % % % %
% % % % . % % % % % % . . . . . % % % % % . . . . % % % % % . . . . . . % % %
% % % . . . . . % % % % % . . . . . . . % % % % % . . . . % % % % % % . . . .
. % % % % % . . . . % % % % % . . . . . . % % % % % % . . . . . % % % % % % %
. . . . . . % % % % % . . . . % % % % % . . . . % % % % % . . . . % % % % % .
. . . . . % % % % % % . % % % % % % . % % % % % % . . % % % % . . % % % % % .
. . . % % % . . . . . . . . . . . . . . . . . . . . . % % % % . . . . . . . .
. . . . . . . . . . . . . . . . . . . . . . . . . . . . . . . . . . % % % . %
% % . % % % % % . % % % % . . . % % % . . . . . . . . . . . . . . . . . . . .
% % % % % % . . . . . . . . . % % % % . % % % % . % % % % . . . % % % % % . .
. . . . . . . . . . . . . . . . . . . % % % % % % . . . . . . . . . . % % % %
. % % % % % % % . % % % % . % % % % . . . . % % % % % % . . . . . . . . . . .
. . . . . . . . . . % % % % . % % % % % % . . . . . . . . . . . . . . . . . .
. . . . . . . . % % % % % . % % % % % % % . . . . . . . . . . . . . . % % % %
% . . . . . . . . . . % % % % % % % . . . . . . . . . . . . % % % % % . . . .
% % % % % . . % % % % % . . . . . . . . . . % % % % % . . . . . . . . . . . .
. % % % % % . . % % % % . % % % % % % % . . . . % % % % % % % . . . . . . . .
. . . . . . . . . . . . . . . . . . . . . . . . . . . . . . . . . . . . . . .
. . % % % % % % % % % . . . . % % % % % . . . % % % . . . % % % % . . % % % %
% % . . . . . . . % % % % . % % % % % % % . . . . . % % % . . . . . % % % % %
. . . . . . . . . . . . . . . . . . . . . . % % % % % . . % % % % % % % . . .
. . % % % % % % % . . % % % % % . % % % . % % % % . % % % % . . . . . . . . .
. . . % % % . % % % . % % % . % % % % % . % % % % . % % % % . . % % % % . % %
% % . % % % % . . % % % % . % % % % . % % % % . % % % % . % % % % . % % % % .
% % % % % % % % % % . . % % % . . . . . . . % % % . . . . . . . % % % . . . .
. . . . . % % % . . . . . . . . . % % % % . . . % % % % > % % % %
<*dt-austrian.def % % % % % % . % % % . . . . . . . . . . . . . . . . . . . .
. % % % . . . . % % % > % % % % <*dt-bahasa.def % % % % % . % % % . . . . . .
. . . . . . . . . . . . . . . % % % % . . . . . . . . . . . . . . . . . . . .
. % % % . . . . % % % > % % % % <*dt-basque.def % % % % % . % % % . . . . . .
. . . . . . . . . . . . . . % % % % . . . . . . . . . . . . . . . . . . . . .
% % % . . . . % % % > % % % % <*dt-breton.def % % % % % . % % % . . . . . . .
. . . . . . . . . . . . . . % % % % . . . . . . . . . . . . . . . . . . . . .
% % % . . . . . . . % % % > % % % % <*dt-british.def % % % % % . % . . . . . .
. % % > % % % % <*dt-bulgarian.def % % % % % . % % % . . . . . . . . . . . . .
. . . . . . . . % % % % . . . . . . . . . . . . . . . . . . . . . % % % . . .
. % % % > % % % % <*dt-catalan.def % % % % % . % % % . . . . . . . . . . . . .
. . . . . . . . % % % % . . . . . . . . . . . . . . . . . . . . . % % % . . .
. . % % % > % % % % <*dt-croatian.def % % % % % . % % % . . . . . . . . . . .
. . . . . . . . . . % % % % . . . . . . . . . . . . . . . . . . . . . % % % .
. . . % % % > % % % % <*dt-czech.def % % % % % . % % % . . . . . . . . . . . .
. . . . . . . . . % % % % . . . . . . . . . . . . . . . . . . . . . % % % . .
. . % % % > % % % % <*dt-danish.def % % % % % . % % % . . . . . . . . . . . .
. . . . . . . . . % % % . . . . % % % > % % % % <*dt-dutch.def % % % % % . % %
% . . . . . . . . . . . . . . . . . . . . . % % % . . . . % % % > % % % %
<*dt-esperanto.def % % % % % . % % % . . . . . . . . . . . . . . . . . . . . .
% % % . . . . . % % % > % % % % <*dt-estonian.def % % % % % . % % % . . . . .
. . . . . . . . . . . . . . . . % % % . . . . . % % % > % % % %
<*dt-finnish.def % % % % % . % % % . . . . . . . . . . . . . . . . . . . . . %
% % . . . . % % % > % % % % <*dt-french.def % % % % % . % % % . . . . . . . .
. . % % % . . . . . . . . . . % % % . . . . . . . . . . . . . . . . . . . . .
% % % . . . . . % % % > % % % % <*dt-galician.def % % % % % . % % % . . . . .
. . . . . . . . . . . . . . . . % % % . . . . . % % % > % % % %
<*dt-german.def % % % % % . % % % . . . . . . . . . . . . . . . . . . . . . %
% % . . . . . . . . . . . . . . . . . . . . . % % % . . . . % % % > % % % %
<*dt-greek.def % % % % % . % % % . . . . . . . . . . . . . . . . . . . . . % %
% . . . . % % % > % % % % <*dt-hebrew.def % % % % % . % % % % . % % % % . . .
. % % % > % % % % <*dt-icelandic.def % % % % % . % % % . . . . . . . . . . . .
. . . . . . . . . % % % . . . . % % % > % % % % <*dt-irish.def % % % % % . % %
% . . . . . . . . . . . . . . . . . . . . . % % % . . . . % % % > % % % %
<*dt-italian.def % % % % % . % % % . . . . . . . . . . . . . . . . . . . . . %
% % . . . . % % % > % % % % <*dt-latin.def % % % % % . % % % . . . . . . . . .
. . . . . . . . . . . . % % % . . . . . . . % % % > % % % % <*dt-lsorbian.def
% % % % % . % % % . . . . . . . . . . . . . . . . . . . . . % % % . . . . . .
. . . . . . . . . . . . . . . % % % . % % % . . . . % % % . . . . % % % . % %
% > % % % % <*dt-magyar.def % % % % % . % % % . . . . . . . . . . . . . . . .
. . . . . % % % . . . . % % % > % % % % <*dt-naustrian.def % % % % % . % % % .
. . . . . . . . . . . . . . . . . . . . % % % . . . . % % % > % % % %
<*dt-ngerman.def % % % % % . % % % . . . . . . . . . . . . . . . . . . . . . %
% % . . . . . . . . . . . . . . . . . . . . . % % % . . . . % % % > % % % %
<*dt-norsk.def % % % % % . % % % . . . . . . . . . . . . . . . . . . . . . % %
% . . . . % % % > % % % % <*dt-polish.def % % % % % . % % % . . . . . . . . .
. . . . . . . . . . . . % % % . . . . % % % > % % % % <*dt-portuges.def % % %
% % . % % % . . . . . . . . . . % % % . . . . . . . . . . . . . . . . . . . .
. % % % . . . . . % % % > % % % % <*dt-romanian.def % % % % % . % % % . . . .
. . . . . . . . . . . . . . . . . % % % . . . . % % % > % % % %
<*dt-russian.def % % % % % . % % % . . . . . . . . . . . . . . . . . . . . . %
% % . . . . % % % > % % % % <*dt-samin.def % % % % % . % % % . . . . . . . . .
. . . . . . . . . . . . % % % . . . . . % % % > % % % % <*dt-scottish.def % %
% % % . % % % . . . . . . . . . . . . . . . . . . . . . % % % . . . . % % % >
% % % % <*dt-serbian.def % % % % % . % % % . . . . . . . . . . . . . . . . . .
. . . % % % . . . . % % % > % % % % <*dt-slovak.def % % % % % . % % % . . . .
. . . . . . . . . . . . . . . . % % % . . . . % % % > % % % % <*dt-slovene.def
% % % % % . % % % . . . . . . . . . . . . . . . . . . . . % % % . . . . % % %
> % % % % <*dt-spanish.def % % % % % . % % % . . . . . . . . . . % % % . . . .
. . . . . . % % % . . . . . . . . . . . . . . . . . . . . % % % . . . . % % %
> % % % % <*dt-swedish.def % % % % % . % % % . . . . . . . . . . . . . . . . .
. . . % % % % . . . . % % % % . . . . . % % % % . . . . . % % % > % % % %
<*dt-turkish.def % % % % % . % % % . . . . . . . . . . . . . . . . . . . . % %
% . . . . % % % > % % % % <*dt-UKenglish.def % % % % % . % . . . . . . . % % >
% % % % <*dt-ukraineb.def % % % % % . % % % . . . . . . . . . . . . . . . . .
. . . % % % . . . . % % % > % % % % <*dt-USenglish.def % % % % % . % . . . . .
. . % % > % % % % <*dt-usorbian.def % % % % % . % % % . . . . . . . . . . . .
. . . . . . . . % % % . . . . . . . . . . . . . . . . . . . % % % . % % % . .
. . % % % . . . . % % % . % % % > % % % % <*dt-welsh.def % % % % % . % % % . .
. . . . . . . . . . . . . . . . . . % % % . . . . . . % % % % > % % %
File datetime.dtx ended by \endinput.
Lines  processed: 4120
Comments removed: 2023
Comments  passed: 15
Codelines passed: 1986

Overall statistics:
Files  processed: 3
Lines  processed: 12360
Comments removed: 6069
Comments  passed: 45
Codelines passed: 5958
 ) 
Here is how much of TeX's memory you used:
 692 strings out of 95138
 9070 string characters out of 1183036
 2066334 words of memory out of 4521169
 3888 multiletter control sequences out of 10000+50000
 3640 words of font info for 14 fonts, out of 2000000 for 2000
 58 hyphenation exceptions out of 5000
 11i,0n,15p,829b,490s stack positions out of 5000i,500n,6000p,200000b,40000s

No pages of output.
