This is pdfeTeX, Version 3.141592-1.30.4-2.2 (Web2C 7.5.5) (format=latex 2006.2.12)  28 SEP 2007 16:16
entering extended mode
**fmtcount.ins
(./fmtcount.ins
LaTeX2e <2003/12/01>
Babel <v3.8d> and hyphenation patterns for american, french, german, ngerman, d
utch, italian, norsk, portuges, spanish, swedish, nohyphenation, loaded.
(/usr/local/teTeX/share/texmf.tetex/tex/latex/base/docstrip.tex
\blockLevel=\count79
\emptyLines=\count80
\processedLines=\count81
\commentsRemoved=\count82
\commentsPassed=\count83
\codeLinesPassed=\count84
\TotalprocessedLines=\count85
\TotalcommentsRemoved=\count86
\TotalcommentsPassed=\count87
\TotalcodeLinesPassed=\count88
\NumberOfFiles=\count89
\inFile=\read1
\inputcheck=\read2
\off@0=\count90
\off@1=\count91
\off@2=\count92
\off@3=\count93
\off@4=\count94
\off@5=\count95
\off@6=\count96
\off@7=\count97
\off@8=\count98
\off@9=\count99
\off@10=\count100
\off@11=\count101
\off@12=\count102
\off@13=\count103
\off@14=\count104
\off@15=\count105
\@maxfiles=\count106
\@maxoutfiles=\count107

Utility: `docstrip' 2.5c <2003/09/18>
English documentation    <1999/03/31>

**********************************************************
* This program converts documented macro-files into fast *
* loadable files by stripping off (nearly) all comments! *
**********************************************************

********************************************************
* No Configuration file found, using default settings. *
********************************************************

)

Generating file(s) ./fc-british.def ./fc-english.def ./fc-french.def ./fc-germa
n.def ./fc-portuges.def ./fc-spanish.def ./fc-UKenglish.def ./fc-USenglish.def 
./fmtcount.sty ./fmtcount.perl 
\openout0 = `./fc-british.def'.

\openout1 = `./fc-english.def'.

\openout2 = `./fc-french.def'.

\openout3 = `./fc-german.def'.

\openout4 = `./fc-portuges.def'.

\openout5 = `./fc-spanish.def'.

\openout6 = `./fc-UKenglish.def'.

\openout7 = `./fc-USenglish.def'.

\openout8 = `./fmtcount.sty'.

\openout9 = `./fmtcount.perl'.


Processing file fmtcount.dtx (fc-british.def,package) -> fc-british.def
                             (fc-english.def,package) -> fc-english.def
                             (fc-french.def,package) -> fc-french.def
                             (fc-german.def,package) -> fc-german.def
                             (fc-portuges.def,package) -> fc-portuges.def
                             (fc-spanish.def,package) -> fc-spanish.def
                             (fc-UKenglish.def,package) -> fc-UKenglish.def
                             (fc-USenglish.def,package) -> fc-USenglish.def
                             (fmtcount.sty,package) -> fmtcount.sty
                             (fmtcount.perl) -> fmtcount.perl
% % % % % % % % % % % % % % % % <*package > % % % % % % <*driver . . . . . . .
. . . . . . . . . . . . . . . . . . . . . . . / . . . . > % % % % % % % % % %
% % % % % % % % % % % % % % % % % % % % % % % % % % % % % % % % % % % % % % %
% % % % % % % % % % % % % % % % % % % % % % % % % % % % % % % % % % % % % % %
% % % % % % % % % % % % % % % % % % % % % % % % % % % % % % % % % % % % % % %
% % % % % % % % % % % % % % % % % % % % % % % % % % % % % % % % % % % % % % %
% % % % % % % % % % % % % % % % % % % % % % % % % % % % % % % % % % % % % % %
% % % % % % % % % % % % % % % % % % % % % % % % % % % % % % % % % % % % % % %
% % % % % % % % % % % % % % % % % % % % % % % % % % % % % % % % % % % % % % %
% % % % % % % % % % % % % % % % % % % % % % % % % % % % % % % % % % % % % % %
% % % % % % % % % % % % % % % % % % % % % % % % % % % % % % % % % % % % % % %
% % % % % % % % % % % % % % % % % % % % % % % % % % % % % % % % % % % % % % %
% % % % % % % % % % % % % % % % % % % % % % % % % % % % % % % % % % % % % % %
% % % % % % % % % % % % % % % % % % % % % % % % % % % % % % % % % % % % % % %
% % % % % % % % % % % % % % % % % % % % % % % % % % % % % % % % % % % % % % %
% % % % % % % % % % % % % % % % <*fc-british.def % % % % % . % % % . % % % % .
. . . . . . . . . . . . . . % % % > % % % % <*fc-english.def % % % % % . % % %
% % . . . . . . . . . . . . . . . . . . . . . . . . . . . . % % % % . . % % %
% % % . . . . . . . . . . . . . . % % % % . . . . . . . . . . . . . % % % % .
. . . . . . . . . . . . . % % % . . . . . . . . . . . . . . % % % . . . . . .
. . . . . . . % % % . . . . . . . . . . . . . . % % % % % % % . . . . . . . .
. . . . . . . % . . . . . . . . . . . . . . . . . . . . . . . . . . . . . . .
. . . . . . . . . . . . . . . . . . . . . . . . . . . . . . . . . . . . . . %
% % % . . . . . . . . % % % % . . % % % % % . . . . . . . % % % % . . % % % %
. . . . . . . . . . . . . . % % % . . . . . . . . . . . . . % % % . . . . . .
. . . . . . . . % % % . . . . . . . . . . . . . . % % % . . . . . . . . . . .
. . % % % . . . . . . . . . . . . . . % % % % % % . . . . . . . . . . . . . .
. . % . . . . . . . . . . . . . . . . . . . . . . . . . . . . . . . . . . . .
. . . . . . . . . . . . . . . . . . . . . . . . . . . . . . . . . . . . . . .
. . . . . . . . . . . . . . . . . . . . % % % % . . . . . . . . . . . % % % .
. % % % . . . . . . . . . . . % % % . . % % % > % % % % <*fc-french.def % % %
% % . % % % % % . . . . . . . . . . % % % . . . . . . . . . . % % % . % % % %
. . . . . . . . . . . . . . % % % . . . . . . % % % % . . . . . . . . . . . .
. . % % % . . . . . . . . . . . . . . % % % . . . . . . . . . % % % . . . . .
. . . % % % . . . % % % . . . . . . % % % . . . . . . % % % . . . . . . % % %
. . . . . . . . . . . . . . % % % . . . . . . % % % % . . . . . . . . . . . .
. . % % % . . . . . . . . . . . . . . % % % % % % % % . . . . . . . . . . % %
% . . . . . . . . . . % % % . . . . . . . . . . % % % . % % % . . . . . . . .
. . % % % . . . . . . . . . . % % % . . . . . . . . . . % % % . % % % . % % %
. . . . . . . . . . % % % . . . . . . . . . . % % % . . . . . . . . . . % % %
. % % % . . . . . . . . . . % % % . . . . . . . . . . % % % . . . . . . . . .
. % % % . % % % . % % % % % % . . . . . . . . . . . . . . . . . . . . . % % %
. . . . . . . . . . . . . . . . . . . . . . % % % . . . . . . . . . . . . . .
. . . . . . . . % % % . % % % . . . . . . . . . . . . . . . . . . . . . % % %
. . . . . . . . . . . . . . . . . . . . . . % % % . . . . . . . . . . . . . .
. . . . . . . . % % % . % % % . % % % . . . . . . . . . . . . . . . . . . . .
. % % % . . . . . . . . . . . . . . . . . . . . . . % % % . . . . . . . . . .
. . . . . . . . . . . . % % % . % % % . . . . . . . . . . . . . . . . . . . .
. % % % . . . . . . . . . . . . . . . . . . . . . . % % % . . . . . . . . . .
. . . . . . . . . . . . % % % . % % % . % % % % % % . . . . . . . . . . . . .
. % % % % . . . . . . . . . . . . . % % % . . . . . . . . . . . . . . % % % .
. . . . . . . % % % . . . . . . . . % % % . . . . . . . . % % % . . . . . . .
. . . % % % . . . . . . . . % % % . . . % % % . . . . . . . . . . . . . . % %
% . . . . . . . . . . . . . % % % . . . . . . . . . . . . . . % % % % . . . .
. . . . . . . . . . . % . . . . . . . . . . . . . . . . . . . . . . . . . . .
. . . . . . . . . . . . . . . . . . . . . . . . . . . . . . . . . . . . . . .
. . . . . % % . . . . . . . . . . . . . . . . . . . . . . . . . . . . . . . .
. . . . . . . . . . . . . . . . . . . . . . . . . . . . . % % % % % . . . . .
. . . . . . . . . . % . . . . . . . . . . . . . . . . . . . . . . . . . . . .
. . . . . . . . . . . . . . . . . . . . . . . . . . . . . . . . . . . . . . .
. . . . . . . . . . . . . . . . . . . . . . . . . . . . . . . . . . . . . . .
. . . . . . . . . . . . . . . . . . . . . . . . . . . . . . . . . % % % > % %
% % <*fc-german.def % % % % % % . % % % % % % . . % % % . . % % % . . % % % %
% % . . . . . . . . . . . . . . % % % . . . . . . . . . . . . . . % % % % % .
. % % % . . . . . . . . . . . . . . % % % % . . . . . % % % . . % % % . . . %
% % . . % % % . . . . . . . . . . % % % . . . . . . . . . . % % % . . . . . .
. . . . % % % . . . % % % . . . % % % . . . % % % % % . . . . . . . . . . . .
. . % % % . . . . . . . . . . . . . % % % . . . . . . . . . . . . . . % % % .
. . . . . . . . . . . . . % % % . . . . . . . . . . . . . % % % . . . . . . .
. . . . . . . % % % . . . . . . . . . . . . . . % % % . . . . . . . . . . . .
. % % % . . . . . . . . . . . . . . % % % % . . . . . . . . . . . . . . . . .
. . . . . . . . % % % % % . . . . . . . . . . . . . . . % . . . . % . . . . .
. . . . % . . . . % . % . . . % . . . . . . . . . . . . . . . . . . % % % . .
. . . . . . . . . . . . . . . . . . . . . % % . . . . . . . . . . . . . . . %
. . . . . . . . . . % . . . . . . . . . . . . . . % . . . . . . . . . . . . .
. % % . . . . . . . . . . . . . . . . . . . . . % % % % . . . . . . . . . . .
. . . . % % % > % % % % <*fc-portuges.def % % % % % . % % % % % . . . . . . %
% % . . . . . . % % % . % % % % % . . . . . . . . . . . . . . % % % . . . . .
. . . . . . . . . % % % . . . . . . . . . . . . . . % % % . . . . . . . . . .
. . . . % % % . . . . . . . . . . . . % % % . . . . . . . . . . . . % % % . .
. . . . . . . . . . . . % % % . . . . . . . . . . . . . . % % % . . . . . . .
. . . . . . . % % % . . . . . . . . . . . . . . % % % . . . . . . . . . . . .
% % % . . . . . . . . . . . . % % % % % % % . . . . . . . . % % % . . . . . .
. . % % % . % % % . . . . . . . . % % % . . . . . . . . % % % . % % % . . . .
. . . . % % % . . . . . . . . % % % . % % % . . . . . . . . % % % . . . . . .
. . % % % . % % % % . . . . . . . . . . . . . . % % % . . . . . . . . . . . .
. % % % . . . . . % % % . . . . . . . . . . . . % % % . . . . . . . . . . . .
. . % % % . . . . . . . . . . . . . % % % . . . . . . . . . . . . % % % . . .
. . . . . . . . . . . % % % . . . . . . . . . . . . . % % % . . . . . . . . .
. . . % % % . . . . . . . . . . . . . . % % % . . . . . . . . . . . . . % % %
. . . . . . . . . . . . % % % % % % % . . . . . . . . . . . . . . . % . . . .
. . . . . . . . . . . . . . . . . . . . . . . . . . . . . . . . . . . . . . .
. . . . . . . . . . . . . . . . . . . . . . . . . . . . . . . . . . . . . . .
. . . . . . . . . . % % % . . . . . . . . . . . . . . . . . . . . . . . . . .
. . . . . . . . . . . . . . . . . . . . . . . . . . . . . . . . . . . . . . .
. . . . . . . . . . . . . . . . . . . . % % % > % % % % <*fc-spanish.def % % %
% % . % % % % % % . . % % % . . % % % . % % % % % . . . . . . . . . . . . . .
% % % . . . . . . . . . . . . . . % % % . . . . . . . . . . . . . . % % % . .
. . . . . . . . . . . . % % % . . . . . . . . . . . . . % % % . . . . . . . .
. . . . . % % % . . . . . . . . . . . . % % % . . . . . . . . . . . . % % % .
. . . . . . . . . . . . . % % % . . . . . . . . . . . . . . % % % . . . . . .
. . . . . . . . % % % . . . . . . . . . . . . . . % % % . . . . . . . . . . .
. . % % % . . . . . . . . . . . . . % % % . . . . . . . . . . . . % % % . . .
. . . . . . . . . % % % % % % % . . . . . . . . . % % % . . . . . . . . . % %
% . % % % . . . . . . . . . % % % . . . . . . . . . % % % . % % % . . . . . .
. . % % % . . . . . . . . % % % . % % % . . . . . . . . % % % . . . . . . . .
% % % . % % % % % . . . . . . . . . . . . . . % % % . . . . . . . . . . . . .
% % % . . . . . . . . . . . . . . % % % . . . . . . . . . . . . % % % . . . .
. . . . . . . . . . % % % . . . . . . . . . . . . . % % % . . . . . . . . . .
. . . . % % % . . . . . . . . . . . . % % % . . . . . . . . . . . . . . % % %
. . . . . . . . . . . . . % % % . . . . . . . . . . . . . . % % % . . . . . .
. . . . . . % % % . . . . . . . . . . . . . . % % % . . . . . . . . . . . . .
% % % . . . . . . . . . . . . . . % % % . . . . . . . . . . . . . % % % % % %
% % . . . . . . . . . . . . . . . % . . . . . . . . . . . . . . . . . . . . .
. . . . . . . . . . . . . . . . . . . . . . . . . . . . . . . . . . . . . . .
. . . . . . . . . . . . . . . . . . . . . . . . . . % % % . . . . . . . . . .
. . . . . . . . . . . . . . . . . . . . . . . . . . . . . . . . . . . . . . .
. . . . . . . . . . . . . . . . . . . . . . . . . . . . . . . . . . . . . . .
. . . % % % > % % % % <*fc-UKenglish.def % % % % % . % % % . % % % % . . . . .
. . . . . . . . . . % % % > % % % % <*fc-USenglish.def % % % % % . % % % . % %
% % . . . . . . . . . . . . . . . % % % > % % % % <*fmtcount.sty % % % % % . .
. . % % % % % % % % % . % % % % % % % % % . . . % % % % % % . . . . . . . . .
. % % % % % % . . . . . . . . . . . . . % % % % . . . . . . . . % % % % % . .
. . . . . . % % % % % . . . . . . . . . . . . . . . . . . . . . % . . . . . .
% % % % % % . . . % % % . . . . % % % . % % % % % % % % % % . . . . . . % % %
% . . . . % % % % . . . % % % % . . . . . . . . . . . . . . . . . . . . . % %
% % % . . . . . . . . . . . . . . . . . . . . . . . . % % % % % % . . . . . .
. . . . . . . . . . . . . . . . . . . % % % % % . . . . . . . . . . . . . . .
. . . . . . . . . % % % % % . . . . . . . . . . . . . . . . . . . % % % % % .
. . . . . . . . . . . . . . . . . . % % % % % . . . . . . . . . . . . . . . .
. . . . . . . . . % % % % % . . . . . . . . . . . . . . . . . . . . . . . . .
% % % % % % . . . . . . % % % % % . . . . . . . . . . . . . % % % % % % % % %
% % % % % % % % % % % % % . . . % % % % % % % . . . % % % % % % . . % % % % %
% % % . . . . . . . . . . . . . . . . % % % % % % . . . % % % % % % % . . . %
% % % % . . . . . . . . . . % % % % % . % % % % % . . . % % % % % % . . % % %
% % . . . . . . . . . % % % % % % % . . . % % % % % % . . . % % % % % . . . .
. . . . . . % % % % % % . . . % % % % % % . . % % % % % % . . . . . . . . . %
% % % % % % % . . . % % % % % % % . . . % % % % % % . . . . . . . . . . % % %
% % % % . . . % % % % % % . . . % % % % % . . . . . . . . . . . % % % % % % .
. . % % % % % . . % % % % % . . . . . . . . . . % % % % % % % . . . % % % % %
. . . % % % % % . . . . . . . . . . % % % % % % . . . % % % % % . . . % % % %
% % . . . . . . . . . % % % % % % . . . % % % % % . . . % % % % % . . . . . .
. . . . % % % % % % . . . % % % % % . . % % % % % . . . . . . . . . % % % % %
% . . . % % % % % % . . . % % % % % . . . . . . . . . . . % % % % % % . . . %
% % % % . . % % % % % . . . . . . . . . . % % % % % . . . % % % % % % . . . %
% % % % . . . % % % % % % . . . % % % % % . . . % % % % % . . . % % % % % . .
. % % % % % . . . % % % % % . . . % % % % % % % % % % . . . . . . . . . . . .
. . . . . . % % % % % % . % % % . . . . . % % % . . . . . % % % . . . . . % %
% . . . . . % % % . . . . . % % % . . . . . % % % . . . . . % % % . . . . . %
% % . . . . . % % % . . . . . % % % . . . . . % % % . . . . . % % % . . . . .
% % % . . . . . % % % . . . . . . % % % % . . . . . . . . . % % % . . . . . %
% % > % % % % <*fmtcount.perl % % % % . . . . . . . . . . . . . . . . . . . .
. . . . . . . . . . . . . . . . . . . . . . . . . . . . . . . . . . . . . . .
. . . . . . . . . . . . . . . . . . . . . . . . . . . . . . . . . . . . . . .
. . . . . . . . . . . . . . . . . . . . . . . . . . . . . . . . . . . . . . .
. . . . . . . . . . . . . . . . . . . . . . . . . . . . . . . . . . . . . . .
. . . . . . . . . . . . . . . . . . . . . . . . . . . . . . . . . . . . . . .
. . . . . . . . . . . . . . . . . . . . . . . . . . . . . . . . . . . . . . .
. . . . . . . . . . . . . . . . . . . . . . . . . . . . . . . . . . . . . . .
. . . . . . . . . . . . . . . . . . . . . . . . . . . . . . . . . . . . . . .
. . . . . . . . . . . . . . . . . . . . . . . . . . . . . . . . . . . . . . .
. . . . . . . . . . . . . . . . . . . . . . . . . . . . . . . . . . . . . . .
. . . . . . . . . . . . . . . . . . . . . . . . . . . . . . . . . . . . . . .
. . . . . . . . . . . . . . . . . . . . . . . . . . . . . . . . . . . . . . .
. . . . . . . . . . . . . . . . . . . . . . . . . . . . . . . . . . . . . . .
. . . . . . . . . . . . . . . . . . . . . . . . . . . . . . . . . . . . . . .
. . . . . . . . . . . . . . . . . . . . . . . . . . . . . . . . . . . . . . .
. . . . . . . . . . . . . . . . . . . . . . . . . . . . . . . . . . . . . . .
. . . . . . . . . . . . . . . . . . . . . . . . . . . . . . . . . . . . . . .
. . . . . . . . . . . . . . . . . . . . . . . . . . . . . . . . . . . . . . .
. . . . . . . . . . . . . . . . . . . . . . . . . . . . . . . . . . . . . . .
. . . . . / . . . . . . . . . . . . . . . . . . . . . . . . . . . . . . . . .
. . . . . . . . . . . . . . . . . . . . . . . . . . . . . . . . . . . . . . .
. . . . . . . . . . . . . . . . . . . . . . . . . . . . . . . . . . . . . . .
. . . . . . . . . . . . . . . . . . . . . . . . . . . . . . . . . . . . . . .
. . . . . . . . . . . . . . . . . . . . . . . . . . . . . . . . . . . . . . .
. . . . . . . . . . . . . . . . . . . . . . . . . . . . . . . . . . . . . . .
. . . . . . . . . . . . . . . . . . . . . . . . . . . . . . . . . . . . . . .
. . . . . . . . . . . . . . . . . . . . . . . . . . . . . . . . . . . . . . .
. . . . . . . . . . . . . . . . . . . . . . . . . . . . . . . . . . . . . . .
. . . . . . . . . . . . . . . . . . . . . . . . . . . . . . . . . . . . . . .
. . . . . . . . . . . . . . . . . . . . . . . . . . . . . . . . . . . . . . .
. . . . . . . . . . . . . . . . . . . . . . . . . . . . . . . . . . . . . . .
. . . . . . . . . . . . . . . . . . . . . . . . . . . . . . . . . . . . . . .
. . . . . . . . . . . . . . . . . . . . . . . . . . . . . . . . . . . . . . .
. . . . . . . . . . . . . . . . . . . . . . . . . . . . . . . . . . . . . . .
. . . . . . . . . . . . . . . . . . . . . . . . . . . . . . . . . . . . . . .
. . . . . . . . . . . . . . . . . . . . . . . . . . . . . . . . . . . . . . .
. . . . . . . . . . . . . . . . . . . . . . . . . . . . . . . . . . . . . . .
. . . . . . . . . . . . . . . . . . . . . . . . . . . . . . . . . . . . . . .
. . . . . . . . . . . . . . . . . . . . . . . . . . . . . . . . . . . . . . .
. . . . . . . . . . . . . . . . . . . . . . . . . . . . . . . . . . . . . . .
. . . . . . . . . . . . . . . . . . . . . . . . . . . . . . . . . . . . . . .
. . . . . . . . . . . . . . . . . . . . . . . . . . . . . . . . . . . . . . .
. . . . . . . . . . . . . . . . . . . . . . . . . . . . . . . . . . . . . . .
. . . . . . . . . . . . . . . . . . . . . . . . . . . . . . . . . . . . . . .
. . . . . . . . . . . . . . . . . . . . . . . . . . . . . . . . . . . . . . .
. . . . . . . . . . . . . . . . . . . . . . . . . . . . . . . . . . . . . . .
. . . . . . . . . . . . . . . . . . . . . . . . . . . . . . . . . . . . . . .
. . . . . . . . . . . . . . . . . . . . . . . . . . . . . . . . . . . . . . .
. . . . . . . . . . . . . . . . . . . . . . . . . . . . . . . . . . . . . . .
. . . . . . . . . . . . . . . . . . . . . . . . . . . . . . . . . . . . . . .
. . . . . . . . . . . . . . . . . . . . . . . . . . . . . . . . . . . . . . .
. . . . . . . . . . . . . . . . . . . . . . . . . . . . . . . . . . . . . . .
. . . . . . . . . . . . . . . . . . . . . . . . . . . . . . . . . . . . . . .
. . . . . . . . . . . . . . . . . . . . . . . . . . . . . . . . . . . . . . .
. . . . . . . . . . . . . . . . . . . . . . . . . . . . . . . . . . . . . . .
. . . . . . . . . . . . . . . . . . . . . . . . . . . . . . . . . . . . . . .
. . . . . . . . . . . . . . . . . . . . . . . . . . . . . . . . . . . . . . .
. . . . . . . . . . . . . . . . . . . . . . . . . . . . . . . . . . . . . . .
. . . . . . . . . . . . . . . . . . . . . . . . . . . . . . . . . . . . . . .
. . . . . . . . . . . . . . . . . . . . . . . . . . . . . . . . . . . . . . .
. . . . . . . . . . . . . . . . . . . . . . . . . . . . . . . . . . . . . . .
. . . . . . . . . . . . . . . . . . . . . . . . . . . . . . . . . . . . . . .
. . . . . . . . . . . . . . . . . . . . . . . . . . . . . . . . . . . . . . .
. . . . . . . . . . . . . . . . . . . . . . . . . . . . . . . . . . . . . . .
. . . . . . . . . . . . . . . . . . . . . . . . . . . . . . . . . . . . . . .
. . . . . . . . . . . . . . . . . . . . . . . . . . . . . . . . . . . . . . .
. . . . . . . . . . . . . . . . . . . . . . . . . . . . . . . . . . . . . . .
. . . . . . . . . . . . . . . . . . . . . . . . . . . . . . . . . . . . . . %
% % % > % % %
File fmtcount.dtx ended by \endinput.
Lines  processed: 8521
Comments removed: 1952
Comments  passed: 15
Codelines passed: 6530

 ) 
Here is how much of TeX's memory you used:
 401 strings out of 95138
 4422 string characters out of 1183036
 2054588 words of memory out of 4509423
 3633 multiletter control sequences out of 10000+50000
 3640 words of font info for 14 fonts, out of 2000000 for 2000
 58 hyphenation exceptions out of 5000
 11i,0n,15p,259b,223s stack positions out of 5000i,500n,6000p,200000b,40000s

No pages of output.
